2024-05-10 01:44:17.289 [info] Log level: Info
2024-05-10 01:44:17.289 [info] Validating found git in: "git"
2024-05-10 01:44:17.289 [info] Using git "2.39.2" from "git"
2024-05-10 01:44:46.274 [info] Log level: Info
2024-05-10 01:44:46.274 [info] Validating found git in: "git"
2024-05-10 01:44:46.274 [info] Using git "2.39.2" from "git"
2024-05-10 01:44:46.274 [info] > git rev-parse --show-toplevel [8ms]
2024-05-10 01:44:46.279 [info] > git rev-parse --git-dir --git-common-dir [1ms]
2024-05-10 01:44:46.293 [info] Open repository: /root/captive_portal
2024-05-10 01:44:46.310 [info] > git rev-parse --show-toplevel [6ms]
2024-05-10 01:44:46.311 [info] > git config --get commit.template [9ms]
2024-05-10 01:44:46.321 [info] > git rev-parse --show-toplevel [5ms]
2024-05-10 01:44:46.324 [info] > git for-each-ref --format=%(refname)%00%(upstream:short)%00%(objectname)%00%(upstream:track)%00%(upstream:remotename)%00%(upstream:remoteref) refs/heads/main refs/remotes/main [4ms]
2024-05-10 01:44:46.325 [info] > git rev-parse --show-toplevel [2ms]
2024-05-10 01:44:46.333 [info] > git rev-parse --show-toplevel [6ms]
2024-05-10 01:44:46.337 [info] > git rev-parse --show-toplevel [1ms]
2024-05-10 01:44:46.341 [info] > git rev-parse --show-toplevel [1ms]
2024-05-10 01:44:46.344 [info] > git rev-parse --show-toplevel [1ms]
2024-05-10 01:44:46.348 [info] > git rev-parse --show-toplevel [1ms]
2024-05-10 01:44:46.351 [info] > git rev-parse --show-toplevel [1ms]
2024-05-10 01:44:46.355 [info] > git rev-parse --show-toplevel [1ms]
2024-05-10 01:44:46.358 [info] > git rev-parse --show-toplevel [1ms]
2024-05-10 01:44:46.419 [info] > git status -z -uall [88ms]
2024-05-10 01:44:46.491 [info] > git merge-base refs/heads/main refs/remotes/origin/main [49ms]
2024-05-10 01:44:46.496 [info] > git config --get commit.template [7ms]
2024-05-10 01:44:46.500 [info] > git rev-list --count --left-right refs/heads/main...refs/remotes/origin/main [5ms]
2024-05-10 01:44:46.538 [info] > git for-each-ref --format=%(refname)%00%(upstream:short)%00%(objectname)%00%(upstream:track)%00%(upstream:remotename)%00%(upstream:remoteref) refs/heads/main refs/remotes/main [32ms]
2024-05-10 01:44:46.538 [info] > git diff --name-status -z --diff-filter=ADMR 847d898e60045c764e92c83bfc27970c54af4414...refs/remotes/origin/main [35ms]
2024-05-10 01:44:46.939 [info] > git check-ignore -v -z --stdin [4ms]
2024-05-10 01:44:46.967 [info] > git status -z -uall [24ms]
2024-05-10 01:44:48.593 [info] > git config --get commit.template [12ms]
2024-05-10 01:44:48.594 [info] > git for-each-ref --format=%(refname)%00%(upstream:short)%00%(objectname)%00%(upstream:track)%00%(upstream:remotename)%00%(upstream:remoteref) refs/heads/main refs/remotes/main [5ms]
2024-05-10 01:44:48.633 [info] > git status -z -uall [29ms]
2024-05-10 01:44:49.945 [info] > git check-ignore -v -z --stdin [6ms]
2024-05-10 01:44:53.010 [info] > git check-ignore -v -z --stdin [5ms]
2024-05-10 01:44:53.689 [info] > git config --get commit.template [5ms]
2024-05-10 01:44:53.690 [info] > git for-each-ref --format=%(refname)%00%(upstream:short)%00%(objectname)%00%(upstream:track)%00%(upstream:remotename)%00%(upstream:remoteref) refs/heads/main refs/remotes/main [2ms]
2024-05-10 01:44:53.715 [info] > git status -z -uall [22ms]
2024-05-10 01:44:58.788 [info] > git config --get commit.template [11ms]
2024-05-10 01:44:58.790 [info] > git for-each-ref --format=%(refname)%00%(upstream:short)%00%(objectname)%00%(upstream:track)%00%(upstream:remotename)%00%(upstream:remoteref) refs/heads/main refs/remotes/main [4ms]
2024-05-10 01:44:58.818 [info] > git status -z -uall [23ms]
2024-05-10 01:45:03.876 [info] > git config --get commit.template [11ms]
2024-05-10 01:45:03.879 [info] > git for-each-ref --format=%(refname)%00%(upstream:short)%00%(objectname)%00%(upstream:track)%00%(upstream:remotename)%00%(upstream:remoteref) refs/heads/main refs/remotes/main [4ms]
2024-05-10 01:45:03.922 [info] > git status -z -uall [35ms]
2024-05-10 01:45:08.264 [info] > git check-ignore -v -z --stdin [4ms]
2024-05-10 01:45:08.981 [info] > git config --get commit.template [12ms]
2024-05-10 01:45:08.984 [info] > git for-each-ref --format=%(refname)%00%(upstream:short)%00%(objectname)%00%(upstream:track)%00%(upstream:remotename)%00%(upstream:remoteref) refs/heads/main refs/remotes/main [5ms]
2024-05-10 01:45:09.029 [info] > git status -z -uall [35ms]
2024-05-10 01:45:09.442 [info] > git check-ignore -v -z --stdin [1ms]
2024-05-10 01:45:10.458 [info] > git check-ignore -v -z --stdin [5ms]
2024-05-10 01:45:14.070 [info] > git config --get commit.template [4ms]
2024-05-10 01:45:14.071 [info] > git for-each-ref --format=%(refname)%00%(upstream:short)%00%(objectname)%00%(upstream:track)%00%(upstream:remotename)%00%(upstream:remoteref) refs/heads/main refs/remotes/main [1ms]
2024-05-10 01:45:14.095 [info] > git status -z -uall [19ms]
2024-05-10 01:45:15.053 [info] > git show --textconv :portal/server/index.js [8ms]
2024-05-10 01:45:15.060 [info] > git ls-files --stage -- /root/captive_portal/portal/server/index.js [7ms]
2024-05-10 01:45:15.071 [info] > git cat-file -s e61c39dc0c57950a125f4b2549b12559a44c0323 [4ms]
2024-05-10 01:45:19.152 [info] > git config --get commit.template [12ms]
2024-05-10 01:45:19.160 [info] > git for-each-ref --format=%(refname)%00%(upstream:short)%00%(objectname)%00%(upstream:track)%00%(upstream:remotename)%00%(upstream:remoteref) refs/heads/main refs/remotes/main [3ms]
2024-05-10 01:45:19.206 [info] > git status -z -uall [39ms]
2024-05-10 01:45:24.289 [info] > git config --get commit.template [13ms]
2024-05-10 01:45:24.292 [info] > git for-each-ref --format=%(refname)%00%(upstream:short)%00%(objectname)%00%(upstream:track)%00%(upstream:remotename)%00%(upstream:remoteref) refs/heads/main refs/remotes/main [4ms]
2024-05-10 01:45:24.332 [info] > git status -z -uall [29ms]
2024-05-10 01:45:29.371 [info] > git config --get commit.template [4ms]
2024-05-10 01:45:29.372 [info] > git for-each-ref --format=%(refname)%00%(upstream:short)%00%(objectname)%00%(upstream:track)%00%(upstream:remotename)%00%(upstream:remoteref) refs/heads/main refs/remotes/main [1ms]
2024-05-10 01:45:29.394 [info] > git status -z -uall [18ms]
2024-05-10 01:45:34.465 [info] > git config --get commit.template [14ms]
2024-05-10 01:45:34.468 [info] > git for-each-ref --format=%(refname)%00%(upstream:short)%00%(objectname)%00%(upstream:track)%00%(upstream:remotename)%00%(upstream:remoteref) refs/heads/main refs/remotes/main [5ms]
2024-05-10 01:45:34.509 [info] > git status -z -uall [32ms]
2024-05-10 01:45:39.571 [info] > git config --get commit.template [15ms]
2024-05-10 01:45:39.574 [info] > git for-each-ref --format=%(refname)%00%(upstream:short)%00%(objectname)%00%(upstream:track)%00%(upstream:remotename)%00%(upstream:remoteref) refs/heads/main refs/remotes/main [5ms]
2024-05-10 01:45:39.613 [info] > git status -z -uall [28ms]
2024-05-10 01:46:15.739 [info] > git check-ignore -v -z --stdin [3ms]
2024-05-10 01:46:16.308 [info] > git config --get commit.template [8ms]
2024-05-10 01:46:16.312 [info] > git for-each-ref --format=%(refname)%00%(upstream:short)%00%(objectname)%00%(upstream:track)%00%(upstream:remotename)%00%(upstream:remoteref) refs/heads/main refs/remotes/main [5ms]
2024-05-10 01:46:16.347 [info] > git status -z -uall [29ms]
2024-05-10 01:46:21.427 [info] > git config --get commit.template [14ms]
2024-05-10 01:46:21.430 [info] > git for-each-ref --format=%(refname)%00%(upstream:short)%00%(objectname)%00%(upstream:track)%00%(upstream:remotename)%00%(upstream:remoteref) refs/heads/main refs/remotes/main [5ms]
2024-05-10 01:46:21.511 [info] > git status -z -uall [65ms]
2024-05-10 01:46:26.599 [info] > git config --get commit.template [5ms]
2024-05-10 01:46:26.600 [info] > git for-each-ref --format=%(refname)%00%(upstream:short)%00%(objectname)%00%(upstream:track)%00%(upstream:remotename)%00%(upstream:remoteref) refs/heads/main refs/remotes/main [1ms]
2024-05-10 01:46:26.625 [info] > git status -z -uall [21ms]
2024-05-10 01:46:31.681 [info] > git config --get commit.template [5ms]
2024-05-10 01:46:31.682 [info] > git for-each-ref --format=%(refname)%00%(upstream:short)%00%(objectname)%00%(upstream:track)%00%(upstream:remotename)%00%(upstream:remoteref) refs/heads/main refs/remotes/main [2ms]
2024-05-10 01:46:31.714 [info] > git status -z -uall [27ms]
2024-05-10 01:46:36.781 [info] > git config --get commit.template [14ms]
2024-05-10 01:46:36.784 [info] > git for-each-ref --format=%(refname)%00%(upstream:short)%00%(objectname)%00%(upstream:track)%00%(upstream:remotename)%00%(upstream:remoteref) refs/heads/main refs/remotes/main [6ms]
2024-05-10 01:46:36.832 [info] > git status -z -uall [36ms]
2024-05-10 01:46:41.886 [info] > git config --get commit.template [7ms]
2024-05-10 01:46:41.888 [info] > git for-each-ref --format=%(refname)%00%(upstream:short)%00%(objectname)%00%(upstream:track)%00%(upstream:remotename)%00%(upstream:remoteref) refs/heads/main refs/remotes/main [3ms]
2024-05-10 01:46:41.925 [info] > git status -z -uall [30ms]
2024-05-10 01:46:46.992 [info] > git config --get commit.template [17ms]
2024-05-10 01:46:46.998 [info] > git for-each-ref --format=%(refname)%00%(upstream:short)%00%(objectname)%00%(upstream:track)%00%(upstream:remotename)%00%(upstream:remoteref) refs/heads/main refs/remotes/main [8ms]
2024-05-10 01:46:47.055 [info] > git status -z -uall [40ms]
2024-05-10 01:46:52.124 [info] > git config --get commit.template [12ms]
2024-05-10 01:46:52.127 [info] > git for-each-ref --format=%(refname)%00%(upstream:short)%00%(objectname)%00%(upstream:track)%00%(upstream:remotename)%00%(upstream:remoteref) refs/heads/main refs/remotes/main [5ms]
2024-05-10 01:46:52.190 [info] > git status -z -uall [52ms]
2024-05-10 01:46:57.259 [info] > git config --get commit.template [13ms]
2024-05-10 01:46:57.262 [info] > git for-each-ref --format=%(refname)%00%(upstream:short)%00%(objectname)%00%(upstream:track)%00%(upstream:remotename)%00%(upstream:remoteref) refs/heads/main refs/remotes/main [4ms]
2024-05-10 01:46:57.308 [info] > git status -z -uall [36ms]
2024-05-10 01:47:02.363 [info] > git config --get commit.template [5ms]
2024-05-10 01:47:02.364 [info] > git for-each-ref --format=%(refname)%00%(upstream:short)%00%(objectname)%00%(upstream:track)%00%(upstream:remotename)%00%(upstream:remoteref) refs/heads/main refs/remotes/main [2ms]
2024-05-10 01:47:02.388 [info] > git status -z -uall [21ms]
2024-05-10 01:47:07.450 [info] > git config --get commit.template [12ms]
2024-05-10 01:47:07.454 [info] > git for-each-ref --format=%(refname)%00%(upstream:short)%00%(objectname)%00%(upstream:track)%00%(upstream:remotename)%00%(upstream:remoteref) refs/heads/main refs/remotes/main [4ms]
2024-05-10 01:47:07.501 [info] > git status -z -uall [36ms]
2024-05-10 01:47:12.539 [info] > git config --get commit.template [4ms]
2024-05-10 01:47:12.539 [info] > git for-each-ref --format=%(refname)%00%(upstream:short)%00%(objectname)%00%(upstream:track)%00%(upstream:remotename)%00%(upstream:remoteref) refs/heads/main refs/remotes/main [1ms]
2024-05-10 01:47:12.568 [info] > git status -z -uall [17ms]
2024-05-10 01:47:17.628 [info] > git config --get commit.template [15ms]
2024-05-10 01:47:17.631 [info] > git for-each-ref --format=%(refname)%00%(upstream:short)%00%(objectname)%00%(upstream:track)%00%(upstream:remotename)%00%(upstream:remoteref) refs/heads/main refs/remotes/main [4ms]
2024-05-10 01:47:17.662 [info] > git status -z -uall [22ms]
2024-05-10 01:47:22.706 [info] > git config --get commit.template [6ms]
2024-05-10 01:47:22.707 [info] > git for-each-ref --format=%(refname)%00%(upstream:short)%00%(objectname)%00%(upstream:track)%00%(upstream:remotename)%00%(upstream:remoteref) refs/heads/main refs/remotes/main [2ms]
2024-05-10 01:47:22.746 [info] > git status -z -uall [34ms]
2024-05-10 01:47:27.824 [info] > git config --get commit.template [9ms]
2024-05-10 01:47:27.826 [info] > git for-each-ref --format=%(refname)%00%(upstream:short)%00%(objectname)%00%(upstream:track)%00%(upstream:remotename)%00%(upstream:remoteref) refs/heads/main refs/remotes/main [3ms]
2024-05-10 01:47:27.849 [info] > git status -z -uall [18ms]
2024-05-10 01:47:35.517 [info] > git config --get commit.template [6ms]
2024-05-10 01:47:35.518 [info] > git for-each-ref --format=%(refname)%00%(upstream:short)%00%(objectname)%00%(upstream:track)%00%(upstream:remotename)%00%(upstream:remoteref) refs/heads/main refs/remotes/main [2ms]
2024-05-10 01:47:35.551 [info] > git status -z -uall [28ms]
2024-05-10 01:47:40.596 [info] > git config --get commit.template [5ms]
2024-05-10 01:47:40.598 [info] > git for-each-ref --format=%(refname)%00%(upstream:short)%00%(objectname)%00%(upstream:track)%00%(upstream:remotename)%00%(upstream:remoteref) refs/heads/main refs/remotes/main [2ms]
2024-05-10 01:47:40.621 [info] > git status -z -uall [18ms]
2024-05-10 01:47:41.574 [info] > git check-ignore -v -z --stdin [4ms]
2024-05-10 01:47:45.698 [info] > git config --get commit.template [5ms]
2024-05-10 01:47:45.700 [info] > git for-each-ref --format=%(refname)%00%(upstream:short)%00%(objectname)%00%(upstream:track)%00%(upstream:remotename)%00%(upstream:remoteref) refs/heads/main refs/remotes/main [3ms]
2024-05-10 01:47:45.737 [info] > git status -z -uall [29ms]
2024-05-10 01:47:50.803 [info] > git config --get commit.template [12ms]
2024-05-10 01:47:50.806 [info] > git for-each-ref --format=%(refname)%00%(upstream:short)%00%(objectname)%00%(upstream:track)%00%(upstream:remotename)%00%(upstream:remoteref) refs/heads/main refs/remotes/main [6ms]
2024-05-10 01:47:50.837 [info] > git status -z -uall [23ms]
2024-05-10 01:47:55.884 [info] > git config --get commit.template [7ms]
2024-05-10 01:47:55.886 [info] > git for-each-ref --format=%(refname)%00%(upstream:short)%00%(objectname)%00%(upstream:track)%00%(upstream:remotename)%00%(upstream:remoteref) refs/heads/main refs/remotes/main [3ms]
2024-05-10 01:47:55.914 [info] > git status -z -uall [22ms]
2024-05-10 01:48:00.966 [info] > git config --get commit.template [10ms]
2024-05-10 01:48:00.968 [info] > git for-each-ref --format=%(refname)%00%(upstream:short)%00%(objectname)%00%(upstream:track)%00%(upstream:remotename)%00%(upstream:remoteref) refs/heads/main refs/remotes/main [3ms]
2024-05-10 01:48:00.993 [info] > git status -z -uall [20ms]
2024-05-10 01:48:06.050 [info] > git config --get commit.template [7ms]
2024-05-10 01:48:06.052 [info] > git for-each-ref --format=%(refname)%00%(upstream:short)%00%(objectname)%00%(upstream:track)%00%(upstream:remotename)%00%(upstream:remoteref) refs/heads/main refs/remotes/main [3ms]
2024-05-10 01:48:06.075 [info] > git status -z -uall [19ms]
2024-05-10 01:48:11.148 [info] > git config --get commit.template [16ms]
2024-05-10 01:48:11.152 [info] > git for-each-ref --format=%(refname)%00%(upstream:short)%00%(objectname)%00%(upstream:track)%00%(upstream:remotename)%00%(upstream:remoteref) refs/heads/main refs/remotes/main [5ms]
2024-05-10 01:48:11.190 [info] > git status -z -uall [30ms]
2024-05-10 01:48:16.253 [info] > git config --get commit.template [4ms]
2024-05-10 01:48:16.254 [info] > git for-each-ref --format=%(refname)%00%(upstream:short)%00%(objectname)%00%(upstream:track)%00%(upstream:remotename)%00%(upstream:remoteref) refs/heads/main refs/remotes/main [2ms]
2024-05-10 01:48:16.282 [info] > git status -z -uall [24ms]
2024-05-10 01:48:21.334 [info] > git config --get commit.template [2ms]
2024-05-10 01:48:21.338 [info] > git for-each-ref --format=%(refname)%00%(upstream:short)%00%(objectname)%00%(upstream:track)%00%(upstream:remotename)%00%(upstream:remoteref) refs/heads/main refs/remotes/main [1ms]
2024-05-10 01:48:21.357 [info] > git status -z -uall [16ms]
2024-05-10 01:48:26.402 [info] > git config --get commit.template [4ms]
2024-05-10 01:48:26.404 [info] > git for-each-ref --format=%(refname)%00%(upstream:short)%00%(objectname)%00%(upstream:track)%00%(upstream:remotename)%00%(upstream:remoteref) refs/heads/main refs/remotes/main [2ms]
2024-05-10 01:48:26.433 [info] > git status -z -uall [24ms]
2024-05-10 01:48:31.497 [info] > git config --get commit.template [12ms]
2024-05-10 01:48:31.501 [info] > git for-each-ref --format=%(refname)%00%(upstream:short)%00%(objectname)%00%(upstream:track)%00%(upstream:remotename)%00%(upstream:remoteref) refs/heads/main refs/remotes/main [5ms]
2024-05-10 01:48:31.548 [info] > git status -z -uall [36ms]
2024-05-10 01:48:36.593 [info] > git config --get commit.template [2ms]
2024-05-10 01:48:36.599 [info] > git for-each-ref --format=%(refname)%00%(upstream:short)%00%(objectname)%00%(upstream:track)%00%(upstream:remotename)%00%(upstream:remoteref) refs/heads/main refs/remotes/main [2ms]
2024-05-10 01:48:36.630 [info] > git status -z -uall [27ms]
2024-05-10 01:48:41.710 [info] > git config --get commit.template [9ms]
2024-05-10 01:48:41.712 [info] > git for-each-ref --format=%(refname)%00%(upstream:short)%00%(objectname)%00%(upstream:track)%00%(upstream:remotename)%00%(upstream:remoteref) refs/heads/main refs/remotes/main [3ms]
2024-05-10 01:48:41.746 [info] > git status -z -uall [24ms]
2024-05-10 01:48:46.811 [info] > git config --get commit.template [4ms]
2024-05-10 01:48:46.825 [info] > git for-each-ref --format=%(refname)%00%(upstream:short)%00%(objectname)%00%(upstream:track)%00%(upstream:remotename)%00%(upstream:remoteref) refs/heads/main refs/remotes/main [2ms]
2024-05-10 01:48:46.850 [info] > git status -z -uall [19ms]
2024-05-10 01:48:51.895 [info] > git config --get commit.template [2ms]
2024-05-10 01:48:51.903 [info] > git for-each-ref --format=%(refname)%00%(upstream:short)%00%(objectname)%00%(upstream:track)%00%(upstream:remotename)%00%(upstream:remoteref) refs/heads/main refs/remotes/main [1ms]
2024-05-10 01:48:51.933 [info] > git status -z -uall [26ms]
2024-05-10 01:48:57.005 [info] > git config --get commit.template [18ms]
2024-05-10 01:48:57.010 [info] > git for-each-ref --format=%(refname)%00%(upstream:short)%00%(objectname)%00%(upstream:track)%00%(upstream:remotename)%00%(upstream:remoteref) refs/heads/main refs/remotes/main [7ms]
2024-05-10 01:48:57.062 [info] > git status -z -uall [35ms]
2024-05-10 01:49:02.127 [info] > git config --get commit.template [14ms]
2024-05-10 01:49:02.132 [info] > git for-each-ref --format=%(refname)%00%(upstream:short)%00%(objectname)%00%(upstream:track)%00%(upstream:remotename)%00%(upstream:remoteref) refs/heads/main refs/remotes/main [7ms]
2024-05-10 01:49:02.164 [info] > git status -z -uall [24ms]
2024-05-10 01:49:07.226 [info] > git config --get commit.template [14ms]
2024-05-10 01:49:07.229 [info] > git for-each-ref --format=%(refname)%00%(upstream:short)%00%(objectname)%00%(upstream:track)%00%(upstream:remotename)%00%(upstream:remoteref) refs/heads/main refs/remotes/main [7ms]
2024-05-10 01:49:07.272 [info] > git status -z -uall [31ms]
2024-05-10 01:49:12.335 [info] > git config --get commit.template [13ms]
2024-05-10 01:49:12.339 [info] > git for-each-ref --format=%(refname)%00%(upstream:short)%00%(objectname)%00%(upstream:track)%00%(upstream:remotename)%00%(upstream:remoteref) refs/heads/main refs/remotes/main [5ms]
2024-05-10 01:49:12.383 [info] > git status -z -uall [33ms]
2024-05-10 01:49:17.458 [info] > git config --get commit.template [23ms]
2024-05-10 01:49:17.463 [info] > git for-each-ref --format=%(refname)%00%(upstream:short)%00%(objectname)%00%(upstream:track)%00%(upstream:remotename)%00%(upstream:remoteref) refs/heads/main refs/remotes/main [9ms]
2024-05-10 01:49:17.523 [info] > git status -z -uall [40ms]
2024-05-10 01:49:22.590 [info] > git config --get commit.template [14ms]
2024-05-10 01:49:22.594 [info] > git for-each-ref --format=%(refname)%00%(upstream:short)%00%(objectname)%00%(upstream:track)%00%(upstream:remotename)%00%(upstream:remoteref) refs/heads/main refs/remotes/main [6ms]
2024-05-10 01:49:22.648 [info] > git status -z -uall [42ms]
2024-05-10 01:49:33.995 [info] > git config --get commit.template [15ms]
2024-05-10 01:49:33.999 [info] > git for-each-ref --format=%(refname)%00%(upstream:short)%00%(objectname)%00%(upstream:track)%00%(upstream:remotename)%00%(upstream:remoteref) refs/heads/main refs/remotes/main [5ms]
2024-05-10 01:49:34.037 [info] > git status -z -uall [31ms]
2024-05-10 01:49:39.117 [info] > git config --get commit.template [19ms]
2024-05-10 01:49:39.123 [info] > git for-each-ref --format=%(refname)%00%(upstream:short)%00%(objectname)%00%(upstream:track)%00%(upstream:remotename)%00%(upstream:remoteref) refs/heads/main refs/remotes/main [9ms]
2024-05-10 01:49:39.211 [info] > git status -z -uall [73ms]
2024-05-10 01:49:44.060 [info] > git show --textconv :portal/server/routes/account.js [8ms]
2024-05-10 01:49:44.061 [info] > git ls-files --stage -- /root/captive_portal/portal/server/routes/account.js [2ms]
2024-05-10 01:49:44.069 [info] > git cat-file -s 613ff87521d55dc067169e99e1258bdb2e545f25 [3ms]
2024-05-10 01:49:44.288 [info] > git config --get commit.template [15ms]
2024-05-10 01:49:44.294 [info] > git for-each-ref --format=%(refname)%00%(upstream:short)%00%(objectname)%00%(upstream:track)%00%(upstream:remotename)%00%(upstream:remoteref) refs/heads/main refs/remotes/main [8ms]
2024-05-10 01:49:44.377 [info] > git status -z -uall [69ms]
2024-05-10 01:49:44.428 [info] > git check-ignore -v -z --stdin [4ms]
2024-05-10 01:49:46.986 [info] > git show --textconv :portal/server/index.js [4ms]
2024-05-10 01:49:46.990 [info] > git ls-files --stage -- /root/captive_portal/portal/server/index.js [4ms]
2024-05-10 01:49:46.996 [info] > git cat-file -s e61c39dc0c57950a125f4b2549b12559a44c0323 [1ms]
2024-05-10 01:49:49.435 [info] > git config --get commit.template [9ms]
2024-05-10 01:49:49.440 [info] > git for-each-ref --format=%(refname)%00%(upstream:short)%00%(objectname)%00%(upstream:track)%00%(upstream:remotename)%00%(upstream:remoteref) refs/heads/main refs/remotes/main [6ms]
2024-05-10 01:49:49.470 [info] > git status -z -uall [20ms]
2024-05-10 01:49:55.910 [info] > git config --get commit.template [13ms]
2024-05-10 01:49:55.912 [info] > git for-each-ref --format=%(refname)%00%(upstream:short)%00%(objectname)%00%(upstream:track)%00%(upstream:remotename)%00%(upstream:remoteref) refs/heads/main refs/remotes/main [3ms]
2024-05-10 01:49:55.965 [info] > git status -z -uall [44ms]
2024-05-10 01:50:01.977 [info] > git config --get commit.template [7ms]
2024-05-10 01:50:01.979 [info] > git for-each-ref --format=%(refname)%00%(upstream:short)%00%(objectname)%00%(upstream:track)%00%(upstream:remotename)%00%(upstream:remoteref) refs/heads/main refs/remotes/main [3ms]
2024-05-10 01:50:02.007 [info] > git status -z -uall [23ms]
2024-05-10 01:50:08.659 [info] > git config --get commit.template [15ms]
2024-05-10 01:50:08.665 [info] > git for-each-ref --format=%(refname)%00%(upstream:short)%00%(objectname)%00%(upstream:track)%00%(upstream:remotename)%00%(upstream:remoteref) refs/heads/main refs/remotes/main [8ms]
2024-05-10 01:50:08.714 [info] > git status -z -uall [38ms]
2024-05-10 01:50:16.607 [info] > git config --get commit.template [6ms]
2024-05-10 01:50:16.609 [info] > git for-each-ref --format=%(refname)%00%(upstream:short)%00%(objectname)%00%(upstream:track)%00%(upstream:remotename)%00%(upstream:remoteref) refs/heads/main refs/remotes/main [3ms]
2024-05-10 01:50:16.644 [info] > git status -z -uall [28ms]
2024-05-10 01:51:37.384 [info] > git config --get commit.template [8ms]
2024-05-10 01:51:37.386 [info] > git for-each-ref --format=%(refname)%00%(upstream:short)%00%(objectname)%00%(upstream:track)%00%(upstream:remotename)%00%(upstream:remoteref) refs/heads/main refs/remotes/main [3ms]
2024-05-10 01:51:37.433 [info] > git status -z -uall [39ms]
2024-05-10 01:51:42.528 [info] > git config --get commit.template [5ms]
2024-05-10 01:51:42.529 [info] > git for-each-ref --format=%(refname)%00%(upstream:short)%00%(objectname)%00%(upstream:track)%00%(upstream:remotename)%00%(upstream:remoteref) refs/heads/main refs/remotes/main [2ms]
2024-05-10 01:51:42.560 [info] > git status -z -uall [26ms]
2024-05-10 01:51:47.627 [info] > git config --get commit.template [13ms]
2024-05-10 01:51:47.631 [info] > git for-each-ref --format=%(refname)%00%(upstream:short)%00%(objectname)%00%(upstream:track)%00%(upstream:remotename)%00%(upstream:remoteref) refs/heads/main refs/remotes/main [5ms]
2024-05-10 01:51:47.679 [info] > git status -z -uall [37ms]
2024-05-10 01:51:51.403 [info] > git rev-parse --show-toplevel [4ms]
2024-05-10 01:51:51.403 [info] fatal: not a git repository (or any of the parent directories): .git
2024-05-10 01:51:52.740 [info] > git config --get commit.template [4ms]
2024-05-10 01:51:52.759 [info] > git for-each-ref --format=%(refname)%00%(upstream:short)%00%(objectname)%00%(upstream:track)%00%(upstream:remotename)%00%(upstream:remoteref) refs/heads/main refs/remotes/main [3ms]
2024-05-10 01:51:52.797 [info] > git status -z -uall [29ms]
2024-05-10 01:51:54.412 [info] > git show --textconv :portal/server/index.js [12ms]
2024-05-10 01:51:54.418 [info] > git ls-files --stage -- /root/captive_portal/portal/server/index.js [7ms]
2024-05-10 01:51:54.435 [info] > git cat-file -s e61c39dc0c57950a125f4b2549b12559a44c0323 [7ms]
2024-05-10 01:51:57.878 [info] > git config --get commit.template [13ms]
2024-05-10 01:51:57.882 [info] > git for-each-ref --format=%(refname)%00%(upstream:short)%00%(objectname)%00%(upstream:track)%00%(upstream:remotename)%00%(upstream:remoteref) refs/heads/main refs/remotes/main [5ms]
2024-05-10 01:51:57.928 [info] > git status -z -uall [34ms]
2024-05-10 01:52:42.006 [info] > git config --get commit.template [7ms]
2024-05-10 01:52:42.007 [info] > git for-each-ref --format=%(refname)%00%(upstream:short)%00%(objectname)%00%(upstream:track)%00%(upstream:remotename)%00%(upstream:remoteref) refs/heads/main refs/remotes/main [3ms]
2024-05-10 01:52:42.032 [info] > git status -z -uall [19ms]
2024-05-10 01:52:47.096 [info] > git config --get commit.template [5ms]
2024-05-10 01:52:47.097 [info] > git for-each-ref --format=%(refname)%00%(upstream:short)%00%(objectname)%00%(upstream:track)%00%(upstream:remotename)%00%(upstream:remoteref) refs/heads/main refs/remotes/main [2ms]
2024-05-10 01:52:47.128 [info] > git status -z -uall [24ms]
2024-05-10 01:52:52.189 [info] > git config --get commit.template [13ms]
2024-05-10 01:52:52.192 [info] > git for-each-ref --format=%(refname)%00%(upstream:short)%00%(objectname)%00%(upstream:track)%00%(upstream:remotename)%00%(upstream:remoteref) refs/heads/main refs/remotes/main [5ms]
2024-05-10 01:52:52.263 [info] > git status -z -uall [59ms]
2024-05-10 01:52:57.344 [info] > git config --get commit.template [13ms]
2024-05-10 01:52:57.345 [info] > git for-each-ref --format=%(refname)%00%(upstream:short)%00%(objectname)%00%(upstream:track)%00%(upstream:remotename)%00%(upstream:remoteref) refs/heads/main refs/remotes/main [3ms]
2024-05-10 01:52:57.374 [info] > git status -z -uall [23ms]
2024-05-10 01:53:02.471 [info] > git config --get commit.template [13ms]
2024-05-10 01:53:02.474 [info] > git for-each-ref --format=%(refname)%00%(upstream:short)%00%(objectname)%00%(upstream:track)%00%(upstream:remotename)%00%(upstream:remoteref) refs/heads/main refs/remotes/main [3ms]
2024-05-10 01:53:02.502 [info] > git status -z -uall [23ms]
2024-05-10 01:53:07.568 [info] > git config --get commit.template [13ms]
2024-05-10 01:53:07.571 [info] > git for-each-ref --format=%(refname)%00%(upstream:short)%00%(objectname)%00%(upstream:track)%00%(upstream:remotename)%00%(upstream:remoteref) refs/heads/main refs/remotes/main [4ms]
2024-05-10 01:53:07.608 [info] > git status -z -uall [26ms]
2024-05-10 01:53:12.674 [info] > git config --get commit.template [17ms]
2024-05-10 01:53:12.678 [info] > git for-each-ref --format=%(refname)%00%(upstream:short)%00%(objectname)%00%(upstream:track)%00%(upstream:remotename)%00%(upstream:remoteref) refs/heads/main refs/remotes/main [6ms]
2024-05-10 01:53:12.708 [info] > git status -z -uall [21ms]
2024-05-10 01:53:17.775 [info] > git config --get commit.template [15ms]
2024-05-10 01:53:17.779 [info] > git for-each-ref --format=%(refname)%00%(upstream:short)%00%(objectname)%00%(upstream:track)%00%(upstream:remotename)%00%(upstream:remoteref) refs/heads/main refs/remotes/main [6ms]
2024-05-10 01:53:17.823 [info] > git status -z -uall [31ms]
2024-05-10 01:53:22.876 [info] > git config --get commit.template [5ms]
2024-05-10 01:53:22.877 [info] > git for-each-ref --format=%(refname)%00%(upstream:short)%00%(objectname)%00%(upstream:track)%00%(upstream:remotename)%00%(upstream:remoteref) refs/heads/main refs/remotes/main [2ms]
2024-05-10 01:53:22.900 [info] > git status -z -uall [19ms]
2024-05-10 01:53:27.279 [info] > git show --textconv :portal/server/node_modules/chilli-pepper/lib/index.js [7ms]
2024-05-10 01:53:27.280 [info] > git ls-files --stage -- /root/captive_portal/portal/server/node_modules/chilli-pepper/lib/index.js [1ms]
2024-05-10 01:53:27.466 [info] > git check-ignore -v -z --stdin [5ms]
2024-05-10 01:53:27.967 [info] > git config --get commit.template [13ms]
2024-05-10 01:53:27.971 [info] > git for-each-ref --format=%(refname)%00%(upstream:short)%00%(objectname)%00%(upstream:track)%00%(upstream:remotename)%00%(upstream:remoteref) refs/heads/main refs/remotes/main [6ms]
2024-05-10 01:53:28.035 [info] > git status -z -uall [51ms]
2024-05-10 01:53:33.087 [info] > git config --get commit.template [4ms]
2024-05-10 01:53:33.089 [info] > git for-each-ref --format=%(refname)%00%(upstream:short)%00%(objectname)%00%(upstream:track)%00%(upstream:remotename)%00%(upstream:remoteref) refs/heads/main refs/remotes/main [2ms]
2024-05-10 01:53:33.116 [info] > git status -z -uall [23ms]
2024-05-10 01:53:38.175 [info] > git config --get commit.template [5ms]
2024-05-10 01:53:38.176 [info] > git for-each-ref --format=%(refname)%00%(upstream:short)%00%(objectname)%00%(upstream:track)%00%(upstream:remotename)%00%(upstream:remoteref) refs/heads/main refs/remotes/main [2ms]
2024-05-10 01:53:38.202 [info] > git status -z -uall [22ms]
2024-05-10 01:54:02.360 [info] > git config --get commit.template [10ms]
2024-05-10 01:54:02.363 [info] > git for-each-ref --format=%(refname)%00%(upstream:short)%00%(objectname)%00%(upstream:track)%00%(upstream:remotename)%00%(upstream:remoteref) refs/heads/main refs/remotes/main [4ms]
2024-05-10 01:54:02.398 [info] > git status -z -uall [29ms]
