2024-05-10 01:44:15.896 [info] Added views:workbench.panel.markers.view in workbench.panel.markers
2024-05-10 01:44:15.896 [info] Added views:workbench.panel.output in workbench.panel.output
2024-05-10 01:44:15.896 [info] Added views:terminal in terminal
2024-05-10 01:44:15.896 [info] Added views:outline in workbench.view.explorer
2024-05-10 01:44:15.896 [info] Added views:workbench.scm in workbench.view.scm
2024-05-10 01:44:15.896 [info] Added views:workbench.view.search in workbench.view.search
2024-05-10 01:44:15.896 [info] Added views:timeline in workbench.view.explorer
2024-05-10 01:44:15.896 [info] Added views:workbench.explorer.emptyView in workbench.view.explorer
2024-05-10 01:44:16.884 [info] Added views:workbench.debug.variablesView,workbench.debug.watchExpressionsView,workbench.debug.callStackView,workbench.debug.breakPointsView in workbench.view.debug
2024-05-10 01:44:16.913 [info] Added views:workbench.panel.repl.view in workbench.panel.repl
2024-05-10 01:44:16.915 [info] Removed views:workbench.debug.breakPointsView,workbench.debug.callStackView,workbench.debug.watchExpressionsView,workbench.debug.variablesView from workbench.view.debug
2024-05-10 01:44:16.915 [info] Added views:workbench.debug.welcome in workbench.view.debug
2024-05-10 01:44:17.073 [info] Added views:~remote.forwardedPorts in ~remote.forwardedPortsContainer
2024-05-10 01:44:21.016 [info] Added views:workbench.panel.markers.view in workbench.panel.markers
2024-05-10 01:44:21.016 [info] Added views:workbench.panel.output in workbench.panel.output
2024-05-10 01:44:21.016 [info] Added views:terminal in terminal
2024-05-10 01:44:21.016 [info] Added views:outline in workbench.view.explorer
2024-05-10 01:44:21.016 [info] Added views:workbench.scm in workbench.view.scm
2024-05-10 01:44:21.016 [info] Added views:workbench.view.search in workbench.view.search
2024-05-10 01:44:21.016 [info] Added views:timeline in workbench.view.explorer
2024-05-10 01:44:21.016 [info] Added views:workbench.explorer.fileView in workbench.view.explorer
2024-05-10 01:44:21.711 [info] Added views:workbench.debug.variablesView,workbench.debug.watchExpressionsView,workbench.debug.callStackView,workbench.debug.breakPointsView in workbench.view.debug
2024-05-10 01:44:21.860 [info] Added views:~remote.forwardedPorts in ~remote.forwardedPortsContainer
2024-05-10 01:44:21.874 [info] Added views:workbench.panel.repl.view in workbench.panel.repl
2024-05-10 01:44:21.875 [info] Removed views:workbench.debug.breakPointsView,workbench.debug.callStackView,workbench.debug.watchExpressionsView,workbench.debug.variablesView from workbench.view.debug
2024-05-10 01:44:21.876 [info] Added views:workbench.debug.welcome in workbench.view.debug
